{"D:\\CS\\Code\\react-common\\src\\components\\atom\\Button.tsx": {"path":"D:\\CS\\Code\\react-common\\src\\components\\atom\\Button.tsx","statementMap":{"0":{"start":{"line":9,"column":45},"end":{"line":11,"column":1}},"1":{"start":{"line":10,"column":2},"end":{"line":10,"column":31}}},"fnMap":{"0":{"name":"(anonymous_0)","decl":{"start":{"line":9,"column":45},"end":{"line":9,"column":46}},"loc":{"start":{"line":9,"column":56},"end":{"line":11,"column":1}},"line":9}},"branchMap":{},"s":{"0":1,"1":0},"f":{"0":0},"b":{},"_coverageSchema":"1a1c01bbd47fc00a2c39e90264f33305004495a9","hash":"925c60ac5a89407a7f2a1088e68602a19a80a07f"}
}
